0 info it worked if it ends with ok
1 verbose cli [ '/usr/bin/node', '/usr/bin/npm', 'run', 'start' ]
2 info using npm@3.5.2
3 info using node@v8.10.0
4 verbose run-script [ 'prestart', 'start', 'poststart' ]
5 info lifecycle gtfs@1.0.0~prestart: gtfs@1.0.0
6 silly lifecycle gtfs@1.0.0~prestart: no script for prestart, continuing
7 info lifecycle gtfs@1.0.0~start: gtfs@1.0.0
8 verbose lifecycle gtfs@1.0.0~start: unsafe-perm in lifecycle true
9 verbose lifecycle gtfs@1.0.0~start: PATH: /usr/share/npm/bin/node-gyp-bin:/home/will/Webdev/gtfs/node_modules/.bin:/usr/local/sbin:/usr/local/bin:/usr/sbin:/usr/bin:/sbin:/bin:/snap/bin
10 verbose lifecycle gtfs@1.0.0~start: CWD: /home/will/Webdev/gtfs
11 silly lifecycle gtfs@1.0.0~start: Args: [ '-c', './bin/www' ]
12 silly lifecycle gtfs@1.0.0~start: Returned: code: 126  signal: null
13 info lifecycle gtfs@1.0.0~start: Failed to exec start script
14 verbose stack Error: gtfs@1.0.0 start: `./bin/www`
14 verbose stack Exit status 126
14 verbose stack     at EventEmitter.<anonymous> (/usr/share/npm/lib/utils/lifecycle.js:232:16)
14 verbose stack     at emitTwo (events.js:126:13)
14 verbose stack     at EventEmitter.emit (events.js:214:7)
14 verbose stack     at ChildProcess.<anonymous> (/usr/share/npm/lib/utils/spawn.js:24:14)
14 verbose stack     at emitTwo (events.js:126:13)
14 verbose stack     at ChildProcess.emit (events.js:214:7)
14 verbose stack     at maybeClose (internal/child_process.js:925:16)
14 verbose stack     at Process.ChildProcess._handle.onexit (internal/child_process.js:209:5)
15 verbose pkgid gtfs@1.0.0
16 verbose cwd /home/will/Webdev/gtfs
17 error Linux 4.15.0-30-generic
18 error argv "/usr/bin/node" "/usr/bin/npm" "run" "start"
19 error node v8.10.0
20 error npm  v3.5.2
21 error code ELIFECYCLE
22 error gtfs@1.0.0 start: `./bin/www`
22 error Exit status 126
23 error Failed at the gtfs@1.0.0 start script './bin/www'.
23 error Make sure you have the latest version of node.js and npm installed.
23 error If you do, this is most likely a problem with the gtfs package,
23 error not with npm itself.
23 error Tell the author that this fails on your system:
23 error     ./bin/www
23 error You can get information on how to open an issue for this project with:
23 error     npm bugs gtfs
23 error Or if that isn't available, you can get their info via:
23 error     npm owner ls gtfs
23 error There is likely additional logging output above.
24 verbose exit [ 1, true ]
